0 info it worked if it ends with ok
1 verbose cli [ 'C:\\ProgLibs\\node.exe',
1 verbose cli   'C:\\ProgLibs\\node_modules\\npm\\bin\\npm-cli.js',
1 verbose cli   'run',
1 verbose cli   'test' ]
2 info using npm@3.10.10
3 info using node@v6.10.3
4 verbose run-script [ 'pretest', 'test', 'posttest' ]
5 info lifecycle webglmath@~pretest: webglmath@
6 silly lifecycle webglmath@~pretest: no script for pretest, continuing
7 info lifecycle webglmath@~test: webglmath@
8 verbose lifecycle webglmath@~test: unsafe-perm in lifecycle true
9 verbose lifecycle webglmath@~test: PATH: C:\ProgLibs\node_modules\npm\bin\node-gyp-bin;C:\Users\Ryper\Ryper_Prog\WebGLMath\node_modules\.bin;C:\Users\Ryper\bin;C:\Program Files\Git\mingw64\bin;C:\Program Files\Git\usr\local\bin;C:\Program Files\Git\usr\bin;C:\Program Files\Git\usr\bin;C:\Program Files\Git\mingw64\bin;C:\Program Files\Git\usr\bin;C:\Users\Ryper\bin;C:\ProgramData\Oracle\Java\javapath;C:\Windows\system32;C:\Windows;C:\Windows\System32\Wbem;C:\Windows\System32\WindowsPowerShell\v1.0;C:\Program Files (x86)\Skype\Phone;C:\Users\Ryper\.dnx\bin;C:\Program Files\Microsoft DNX\Dnvm;C:\Program Files (x86)\Windows Kits\8.1\Windows Performance Toolkit;C:\Program Files\Microsoft SQL Server\130\Tools\Binn;C:\Program Files\Git\cmd;C:\Program Files\Git\mingw64\bin;C:\Program Files\Git\usr\bin;C:\ProgLibs;C:\Users\Ryper\AppData\Local\Microsoft\WindowsApps;C:\Users\Ryper\AppData\Roaming\npm;C:\Program Files\Git\usr\bin\vendor_perl;C:\Program Files\Git\usr\bin\core_perl
10 verbose lifecycle webglmath@~test: CWD: C:\Users\Ryper\Ryper_Prog\WebGLMath
11 silly lifecycle webglmath@~test: Args: [ '/d /s /c', 'jest --coverage' ]
12 silly lifecycle webglmath@~test: Returned: code: 1  signal: null
13 info lifecycle webglmath@~test: Failed to exec test script
14 verbose stack Error: webglmath@ test: `jest --coverage`
14 verbose stack Exit status 1
14 verbose stack     at EventEmitter.<anonymous> (C:\ProgLibs\node_modules\npm\lib\utils\lifecycle.js:255:16)
14 verbose stack     at emitTwo (events.js:106:13)
14 verbose stack     at EventEmitter.emit (events.js:191:7)
14 verbose stack     at ChildProcess.<anonymous> (C:\ProgLibs\node_modules\npm\lib\utils\spawn.js:40:14)
14 verbose stack     at emitTwo (events.js:106:13)
14 verbose stack     at ChildProcess.emit (events.js:191:7)
14 verbose stack     at maybeClose (internal/child_process.js:886:16)
14 verbose stack     at Process.ChildProcess._handle.onexit (internal/child_process.js:226:5)
15 verbose pkgid webglmath@
16 verbose cwd C:\Users\Ryper\Ryper_Prog\WebGLMath
17 error Windows_NT 10.0.14393
18 error argv "C:\\ProgLibs\\node.exe" "C:\\ProgLibs\\node_modules\\npm\\bin\\npm-cli.js" "run" "test"
19 error node v6.10.3
20 error npm  v3.10.10
21 error code ELIFECYCLE
22 error webglmath@ test: `jest --coverage`
22 error Exit status 1
23 error Failed at the webglmath@ test script 'jest --coverage'.
23 error Make sure you have the latest version of node.js and npm installed.
23 error If you do, this is most likely a problem with the webglmath package,
23 error not with npm itself.
23 error Tell the author that this fails on your system:
23 error     jest --coverage
23 error You can get information on how to open an issue for this project with:
23 error     npm bugs webglmath
23 error Or if that isn't available, you can get their info via:
23 error     npm owner ls webglmath
23 error There is likely additional logging output above.
24 verbose exit [ 1, true ]
